<?xml version="1.0" encoding="UTF-8"?>
<testsuite xmlns:xsi="http://www.w3.org/2001/XMLSchema-instance" xsi:noNamespaceSchemaLocation="https://maven.apache.org/surefire/maven-surefire-plugin/xsd/surefire-test-report-3.0.xsd" version="3.0" name="com.example.backgeotracker.BackGeoTrackerApplicationTests" time="10.532" tests="1" errors="0" skipped="0" failures="0">
  <properties>
[...]
</properties>
  <testcase name="contextLoads" classname="com.example.backgeotracker.BackGeoTrackerApplicationTests" time="0.684">
    <system-out><![CDATA[21:43:54.314 [main] INFO org.springframework.test.context.support.AnnotationConfigContextLoaderUtils -- Could not detect default configuration classes for test class [com.example.backgeotracker.BackGeoTrackerApplicationTests]: BackGeoTrackerApplicationTests does not declare any static, non-private, non-final, nested classes annotated with @Configuration.
21:43:54.477 [main] INFO org.springframework.boot.test.context.SpringBootTestContextBootstrapper -- Found @SpringBootConfiguration com.example.backgeotracker.BackGeoTrackerApplication for test class com.example.backgeotracker.BackGeoTrackerApplicationTests

  .   ____          _            __ _ _
 /\\ / ___'_ __ _ _(_)_ __  __ _ \ \ \ \
( ( )\___ | '_ | '_| | '_ \/ _` | \ \ \ \
 \\/  ___)| |_)| | | | | || (_| |  ) ) ) )
  '  |____| .__|_| |_|_| |_\__, | / / / /
 =========|_|==============|___/=/_/_/_/
 :: Spring Boot ::                (v3.1.1)

2024-09-10T21:43:55.167+01:00  INFO 12736 --- [           main] c.e.b.BackGeoTrackerApplicationTests     : Starting BackGeoTrackerApplicationTests using Java 19.0.2 with PID 12736 (started by 21651 in C:\Users\21651\Desktop\projet-talan\projet-talan\GeoTrackr-developpppB\GeoTrackr-developpppB)
2024-09-10T21:43:55.167+01:00  INFO 12736 --- [           main] c.e.b.BackGeoTrackerApplicationTests     : No active profile set, falling back to 1 default profile: "default"
2024-09-10T21:43:56.703+01:00  INFO 12736 --- [           main] .s.d.r.c.RepositoryConfigurationDelegate : Bootstrapping Spring Data JPA repositories in DEFAULT mode.
2024-09-10T21:43:56.928+01:00  INFO 12736 --- [           main] .s.d.r.c.RepositoryConfigurationDelegate : Finished Spring Data repository scanning in 205 ms. Found 3 JPA repository interfaces.
2024-09-10T21:43:57.653+01:00  INFO 12736 --- [           main] o.hibernate.jpa.internal.util.LogHelper  : HHH000204: Processing PersistenceUnitInfo [name: default]
2024-09-10T21:43:57.753+01:00  INFO 12736 --- [           main] org.hibernate.Version                    : HHH000412: Hibernate ORM core version 6.2.5.Final
2024-09-10T21:43:57.757+01:00  INFO 12736 --- [           main] org.hibernate.cfg.Environment            : HHH000406: Using bytecode reflection optimizer
2024-09-10T21:43:58.111+01:00  INFO 12736 --- [           main] o.h.b.i.BytecodeProviderInitiator        : HHH000021: Bytecode provider name : bytebuddy
2024-09-10T21:43:58.335+01:00  INFO 12736 --- [           main] o.s.o.j.p.SpringPersistenceUnitInfo      : No LoadTimeWeaver setup: ignoring JPA class transformer
2024-09-10T21:43:58.363+01:00  INFO 12736 --- [           main] com.zaxxer.hikari.HikariDataSource       : HikariPool-1 - Starting...
2024-09-10T21:43:58.889+01:00  INFO 12736 --- [           main] com.zaxxer.hikari.pool.HikariPool        : HikariPool-1 - Added connection com.mysql.cj.jdbc.ConnectionImpl@23bd2f6e
2024-09-10T21:43:58.891+01:00  INFO 12736 --- [           main] com.zaxxer.hikari.HikariDataSource       : HikariPool-1 - Start completed.
2024-09-10T21:43:58.956+01:00  WARN 12736 --- [           main] org.hibernate.orm.deprecation            : HHH90000026: MySQL8Dialect has been deprecated; use org.hibernate.dialect.MySQLDialect instead
2024-09-10T21:43:59.499+01:00  INFO 12736 --- [           main] o.h.b.i.BytecodeProviderInitiator        : HHH000021: Bytecode provider name : bytebuddy
2024-09-10T21:44:00.352+01:00  INFO 12736 --- [           main] o.h.e.t.j.p.i.JtaPlatformInitiator       : HHH000490: Using JtaPlatform implementation: [org.hibernate.engine.transaction.jta.platform.internal.NoJtaPlatform]
2024-09-10T21:44:00.373+01:00 DEBUG 12736 --- [           main] org.hibernate.SQL                        : 
    alter table trajet 
       drop 
       foreign key FK60vhadrpi4xbcnhv3s0lwftp0
Hibernate: 
    alter table trajet 
       drop 
       foreign key FK60vhadrpi4xbcnhv3s0lwftp0
2024-09-10T21:44:00.409+01:00 DEBUG 12736 --- [           main] org.hibernate.SQL                        : 
    alter table trajet_trace 
       drop 
       foreign key FKpo6bnh9npcnrvtmldn2o48o5b
Hibernate: 
    alter table trajet_trace 
       drop 
       foreign key FKpo6bnh9npcnrvtmldn2o48o5b
2024-09-10T21:44:00.437+01:00 DEBUG 12736 --- [           main] org.hibernate.SQL                        : 
    alter table trajet_trace 
       drop 
       foreign key FKj5ney1bvmfi8onhby2lo87i45
Hibernate: 
    alter table trajet_trace 
       drop 
       foreign key FKj5ney1bvmfi8onhby2lo87i45
2024-09-10T21:44:00.460+01:00 DEBUG 12736 --- [           main] org.hibernate.SQL                        : 
    drop table if exists trace
Hibernate: 
    drop table if exists trace
2024-09-10T21:44:00.493+01:00 DEBUG 12736 --- [           main] org.hibernate.SQL                        : 
    drop table if exists trajet
Hibernate: 
    drop table if exists trajet
2024-09-10T21:44:00.517+01:00 DEBUG 12736 --- [           main] org.hibernate.SQL                        : 
    drop table if exists trajet_trace
Hibernate: 
    drop table if exists trajet_trace
2024-09-10T21:44:00.537+01:00 DEBUG 12736 --- [           main] org.hibernate.SQL                        : 
    drop table if exists user
Hibernate: 
    drop table if exists user
2024-09-10T21:44:00.560+01:00 DEBUG 12736 --- [           main] org.hibernate.SQL                        : 
    drop table if exists user_seq
Hibernate: 
    drop table if exists user_seq
2024-09-10T21:44:00.593+01:00 DEBUG 12736 --- [           main] org.hibernate.SQL                        : 
    create table trace (
        latitudes float(53),
        longitudes float(53),
        id bigint not null auto_increment,
        label varchar(255),
        status enum ('BROUILLON','REJETE','VALIDE'),
        primary key (id)
    ) engine=InnoDB
Hibernate: 
    create table trace (
        latitudes float(53),
        longitudes float(53),
        id bigint not null auto_increment,
        label varchar(255),
        status enum ('BROUILLON','REJETE','VALIDE'),
        primary key (id)
    ) engine=InnoDB
2024-09-10T21:44:00.639+01:00 DEBUG 12736 --- [           main] org.hibernate.SQL                        : 
    create table trajet (
        date datetime(6),
        id bigint not null auto_increment,
        user_id bigint,
        primary key (id)
    ) engine=InnoDB
Hibernate: 
    create table trajet (
        date datetime(6),
        id bigint not null auto_increment,
        user_id bigint,
        primary key (id)
    ) engine=InnoDB
2024-09-10T21:44:00.671+01:00 DEBUG 12736 --- [           main] org.hibernate.SQL                        : 
    create table trajet_trace (
        trace_id bigint not null,
        trajet_id bigint not null,
        primary key (trace_id, trajet_id)
    ) engine=InnoDB
Hibernate: 
    create table trajet_trace (
        trace_id bigint not null,
        trajet_id bigint not null,
        primary key (trace_id, trajet_id)
    ) engine=InnoDB
2024-09-10T21:44:00.713+01:00 DEBUG 12736 --- [           main] org.hibernate.SQL                        : 
    create table user (
        id bigint not null,
        email varchar(255) not null,
        nom varchar(255),
        password varchar(255),
        prenom varchar(255),
        reset_token varchar(255),
        role varchar(255),
        username varchar(255) not null,
        primary key (id)
    ) engine=InnoDB
Hibernate: 
    create table user (
        id bigint not null,
        email varchar(255) not null,
        nom varchar(255),
        password varchar(255),
        prenom varchar(255),
        reset_token varchar(255),
        role varchar(255),
        username varchar(255) not null,
        primary key (id)
    ) engine=InnoDB
2024-09-10T21:44:00.749+01:00 DEBUG 12736 --- [           main] org.hibernate.SQL                        : 
    create table user_seq (
        next_val bigint
    ) engine=InnoDB
Hibernate: 
    create table user_seq (
        next_val bigint
    ) engine=InnoDB
2024-09-10T21:44:00.782+01:00 DEBUG 12736 --- [           main] org.hibernate.SQL                        : 
    insert into user_seq values ( 1 )
Hibernate: 
    insert into user_seq values ( 1 )
2024-09-10T21:44:00.793+01:00 DEBUG 12736 --- [           main] org.hibernate.SQL                        : 
    alter table user 
       add constraint UK_ob8kqyqqgmefl0aco34akdtpe unique (email)
Hibernate: 
    alter table user 
       add constraint UK_ob8kqyqqgmefl0aco34akdtpe unique (email)
2024-09-10T21:44:00.827+01:00 DEBUG 12736 --- [           main] org.hibernate.SQL                        : 
    alter table user 
       add constraint UK_sb8bbouer5wak8vyiiy4pf2bx unique (username)
Hibernate: 
    alter table user 
       add constraint UK_sb8bbouer5wak8vyiiy4pf2bx unique (username)
2024-09-10T21:44:00.857+01:00 DEBUG 12736 --- [           main] org.hibernate.SQL                        : 
    alter table trajet 
       add constraint FK60vhadrpi4xbcnhv3s0lwftp0 
       foreign key (user_id) 
       references user (id)
Hibernate: 
    alter table trajet 
       add constraint FK60vhadrpi4xbcnhv3s0lwftp0 
       foreign key (user_id) 
       references user (id)
2024-09-10T21:44:00.930+01:00 DEBUG 12736 --- [           main] org.hibernate.SQL                        : 
    alter table trajet_trace 
       add constraint FKpo6bnh9npcnrvtmldn2o48o5b 
       foreign key (trace_id) 
       references trace (id)
Hibernate: 
    alter table trajet_trace 
       add constraint FKpo6bnh9npcnrvtmldn2o48o5b 
       foreign key (trace_id) 
       references trace (id)
2024-09-10T21:44:00.965+01:00 DEBUG 12736 --- [           main] org.hibernate.SQL                        : 
    alter table trajet_trace 
       add constraint FKj5ney1bvmfi8onhby2lo87i45 
       foreign key (trajet_id) 
       references trajet (id)
Hibernate: 
    alter table trajet_trace 
       add constraint FKj5ney1bvmfi8onhby2lo87i45 
       foreign key (trajet_id) 
       references trajet (id)
2024-09-10T21:44:01.019+01:00  INFO 12736 --- [           main] j.LocalContainerEntityManagerFactoryBean : Initialized JPA EntityManagerFactory for persistence unit 'default'
2024-09-10T21:44:01.789+01:00  INFO 12736 --- [           main] o.s.d.j.r.query.QueryEnhancerFactory     : Hibernate is in classpath; If applicable, HQL parser will be used.
2024-09-10T21:44:02.652+01:00  INFO 12736 --- [           main] o.s.b.a.e.web.EndpointLinksResolver      : Exposing 1 endpoint(s) beneath base path '/actuator'
2024-09-10T21:44:02.759+01:00  INFO 12736 --- [           main] o.s.s.web.DefaultSecurityFilterChain     : Will secure any request with [org.springframework.security.web.session.DisableEncodeUrlFilter@3db48e6, org.springframework.security.web.context.request.async.WebAsyncManagerIntegrationFilter@38f2342b, org.springframework.security.web.context.SecurityContextHolderFilter@5ba7391b, org.springframework.security.web.header.HeaderWriterFilter@623dc0b8, org.springframework.security.web.authentication.logout.LogoutFilter@7d1b96b9, com.example.backgeotracker.config.JwtAuthenticationFilter@a4388f1, org.springframework.security.web.savedrequest.RequestCacheAwareFilter@9203db8, org.springframework.security.web.servletapi.SecurityContextHolderAwareRequestFilter@64d0b8e3, org.springframework.security.web.authentication.AnonymousAuthenticationFilter@68312b85, org.springframework.security.web.session.SessionManagementFilter@33c5e52f, org.springframework.security.web.access.ExceptionTranslationFilter@598f6c93, org.springframework.security.web.access.intercept.FilterSecurityInterceptor@189c6683]
2024-09-10T21:44:03.757+01:00  INFO 12736 --- [           main] c.e.b.BackGeoTrackerApplicationTests     : Started BackGeoTrackerApplicationTests in 9.032 seconds (process running for 10.383)
]]></system-out>
  </testcase>
</testsuite>